  Player.cpp
c:\users\mariansa\desktop\c++\dungeonwalk\src\Tile.h(15): warning C4309: 'initializing': truncation of constant value
c:\users\mariansa\desktop\c++\dungeonwalk\src\Player.h(29): warning C4309: 'initializing': truncation of constant value
src\Player.cpp(219): warning C4309: '=': truncation of constant value
src\Player.cpp(227): warning C4309: '=': truncation of constant value
src\Player.cpp(235): warning C4309: '=': truncation of constant value
src\Player.cpp(243): warning C4309: '=': truncation of constant value
src\Player.cpp(323): warning C4996: '_sleep': This function or variable has been superceded by newer library or operating system functionality. Consider using Sleep instead. See online help for details.
  C:\Program Files (x86)\Windows Kits\10\Include\10.0.10240.0\ucrt\stdlib.h(1266): note: see declaration of '_sleep'
src\Player.cpp(335): warning C4309: '=': truncation of constant value
src\Player.cpp(343): warning C4309: '=': truncation of constant value
src\Player.cpp(351): warning C4309: '=': truncation of constant value
src\Player.cpp(359): warning C4309: '=': truncation of constant value
  Generating code
  Finished generating code
  2 of 458 functions ( 0.4%) were compiled, the rest were copied from previous compilation.
    0 functions were new in current compilation
    0 functions had inline decision re-evaluated but remain unchanged
  AI Game.vcxproj -> C:\Users\Mariansa\Desktop\c++\DungeonWalk\Release\AI Game.exe
  AI Game.vcxproj -> C:\Users\Mariansa\Desktop\c++\DungeonWalk\Release\AI Game.pdb (Full PDB)
